<?xml version="1.0" encoding="UTF-8"?>
<!-- Generated by org.testng.reporters.JUnitReportReporter -->
<testsuite hostname="LAPTOP-0RNG99S0" failures="0" tests="4" name="practice.AnnotationTest" time="0.032" errors="0" timestamp="2024-04-10T13:27:49 IST" skipped="0">
  <testcase classname="practice.AnnotationTest" name="script1" time="0.009"/>
  <testcase classname="practice.AnnotationTest" name="script" time="0.005"/>
  <testcase classname="practice.AnnotationTest" name="script1" time="0.007"/>
  <testcase classname="practice.AnnotationTest" name="script" time="0.011"/>
</testsuite> <!-- practice.AnnotationTest -->
