<?xml version="1.0" encoding="UTF-8"?>
<!-- Generated by org.testng.reporters.JUnitReportReporter -->
<testsuite hostname="LAPTOP-0RNG99S0" failures="0" tests="2" name="practice.AnnotationPracticeTest" time="0.013" errors="0" timestamp="2024-04-17T15:53:02 IST" skipped="0">
  <testcase classname="practice.AnnotationPracticeTest" name="sampleTest2" time="0.001"/>
  <testcase classname="practice.AnnotationPracticeTest" name="sampleTest1" time="0.012"/>
</testsuite> <!-- practice.AnnotationPracticeTest -->
