<?xml version="1.0" encoding="UTF-8"?>
<!-- Generated by org.testng.reporters.JUnitReportReporter -->
<testsuite hostname="LAPTOP-0RNG99S0" failures="0" tests="1" name="BaseClassMnagementForLead" time="12.548" errors="0" timestamp="2024-04-15T16:23:05 IST" skipped="0">
  <testcase classname="BaseClassMnagementForLead" name="script" time="12.548">
    <system-out>
      <![CDATA[execution starts from here
script---->executed successfully]]>
    </system-out>
  </testcase> <!-- script -->
  <system-out>
    <![CDATA[----DBConnected---
---Logged in to Applcn---
execution starts from here
script---->executed successfully]]>
  </system-out>
</testsuite> <!-- BaseClassMnagementForLead -->
