<?xml version="1.0" encoding="UTF-8"?>
<!-- Generated by org.testng.reporters.JUnitReportReporter -->
<testsuite hostname="LAPTOP-0RNG99S0" failures="0" tests="3" name="testng.RDFExcelDPTest" time="0.014" errors="0" timestamp="2024-04-08T12:23:40 IST" skipped="0">
  <testcase classname="testng.RDFExcelDPTest" name="getData" time="0.003"/>
  <testcase classname="testng.RDFExcelDPTest" name="getData" time="0.010"/>
  <testcase classname="testng.RDFExcelDPTest" name="getData" time="0.001"/>
</testsuite> <!-- testng.RDFExcelDPTest -->
