<?xml version="1.0" encoding="UTF-8"?>
<!-- Generated by org.testng.reporters.JUnitReportReporter -->
<testsuite hostname="LAPTOP-0RNG99S0" failures="0" tests="3" name="testng.DataProviderTest" time="0.013" errors="0" timestamp="2024-04-08T10:25:24 IST" skipped="0">
  <testcase classname="testng.DataProviderTest" name="getdata" time="0.011"/>
  <testcase classname="testng.DataProviderTest" name="getdata" time="0.001"/>
  <testcase classname="testng.DataProviderTest" name="getdata" time="0.001"/>
</testsuite> <!-- testng.DataProviderTest -->
