<?xml version="1.0" encoding="UTF-8"?>
<!-- Generated by org.testng.reporters.JUnitReportReporter -->
<testsuite hostname="LAPTOP-0RNG99S0" failures="0" tests="1" name="endtoend.BaseClassMnagementForLead" time="13.643" errors="0" timestamp="2024-04-18T13:25:38 IST" skipped="0">
  <testcase classname="endtoend.BaseClassMnagementForLead" name="script" time="13.643"/>
  <system-out>
    <![CDATA[----DBConnected---
---Logged in to Applcn---]]>
  </system-out>
</testsuite> <!-- endtoend.BaseClassMnagementForLead -->
