<?xml version="1.0" encoding="UTF-8"?>
<!-- Generated by org.testng.reporters.JUnitReportReporter -->
<testsuite hostname="LAPTOP-0RNG99S0" failures="0" tests="3" name="testng.TestngSession" time="0.013" errors="0" timestamp="2024-04-05T17:10:05 IST" skipped="0">
  <testcase classname="testng.TestngSession" name="logout" time="0.008">
    <system-out>
      <![CDATA[logout success]]>
    </system-out>
  </testcase> <!-- logout -->
  <testcase classname="testng.TestngSession" name="login" time="0.002">
    <system-out>
      <![CDATA[login success]]>
    </system-out>
  </testcase> <!-- login -->
  <testcase classname="testng.TestngSession" name="usernsme" time="0.003">
    <system-out>
      <![CDATA[username successfully entered]]>
    </system-out>
  </testcase> <!-- usernsme -->
  <system-out>
    <![CDATA[logout success
login success
username successfully entered]]>
  </system-out>
</testsuite> <!-- testng.TestngSession -->
