<?xml version="1.0" encoding="UTF-8"?>
<!-- Generated by org.testng.reporters.JUnitReportReporter -->
<testsuite hostname="LAPTOP-0RNG99S0" failures="0" tests="1" name="BaseClassManagementForLeadWithMndatory" time="25.708" errors="0" timestamp="2024-04-10T15:38:06 IST" skipped="0">
  <testcase classname="BaseClassManagementForLeadWithMndatory" name="createLeadWithMandatory" time="25.708"/>
  <system-out>
    <![CDATA[----DBConnected---
---Logged in to Applcn---
---Logged in to Applcn---
---Logged in to Applcn---
---Logged in to Applcn---]]>
  </system-out>
</testsuite> <!-- BaseClassManagementForLeadWithMndatory -->
