<?xml version="1.0" encoding="UTF-8"?>
<!-- Generated by org.testng.reporters.JUnitReportReporter -->
<testsuite hostname="LAPTOP-0RNG99S0" failures="0" tests="1" name="BaseClassMnagement" time="13.470" errors="0" timestamp="2024-04-08T17:49:08 IST" skipped="0">
  <testcase classname="BaseClassMnagement" name="script" time="13.470"/>
  <system-out>
    <![CDATA[----DBConnected---
---Logged in to Applcn---]]>
  </system-out>
</testsuite> <!-- BaseClassMnagement -->
